==============================================================================
Suites                                                                        
==============================================================================
Suites.TaggingTest                                                            
==============================================================================
TC1 User registration                                                 User registration
| PASS |
------------------------------------------------------------------------------
TC2 User login                                                        User login
| PASS |
------------------------------------------------------------------------------
TC3 User verification                                                 User verification
| PASS |
------------------------------------------------------------------------------
TC4 User logout                                                       User logout
| PASS |
------------------------------------------------------------------------------
Suites.TaggingTest                                                    | PASS |
4 tests, 4 passed, 0 failed
==============================================================================
Suites                                                                | PASS |
4 tests, 4 passed, 0 failed
==============================================================================
Output:  C:\Users\vanshraj_singh\PycharmProjects\SeleniumWithRobotFramework_Python\pabot_results\0\output.xml
